Drill Listing
=============
Drill: .02  Tool: 1  Feed: 197  Speed: 550
X 127730  Y 127490
X 127730  Y 173991
X 140695  Y 119672
X 160862  Y 163417
X 167930  Y 178665
X 231057  Y 156650
X 300538  Y 183003
X 307104  Y 123275
X 315054  Y 127232
X 553906  Y 215250
X 543910  Y 210250
X 533997  Y 225250
X 523992  Y 220250
X 484758  Y 220250
X 484758  Y 229862
X 479111  Y 215250
X 315054  Y 228832
X 307104  Y 208164
X 284880  Y 240743
X 275738  Y 244636
X 270759  Y 233493
X 262300  Y 202852
X 262300  Y 228768
X 260759  Y 240743
X 255697  Y 219656
X 242024  Y 228768
X 232496  Y 233493
X 215344  Y 223493
X 201768  Y 244636
X 184627  Y 217390
X 176383  Y 198326
X 160574  Y 218573
X 140695  Y 238551
X 160593  Y 308008
X 229214  Y 294250
X 229214  Y 262057
X 255672  Y 271039
X 255729  Y 262039
X 270965  Y 262039
X 271079  Y 271039
X 294448  Y 257833
X 463299  Y 251322

Drill: .035  Tool: 2  Feed: 197  Speed: 550
X 514000  Y 122500
X 524000  Y 122500
X 534000  Y 122500
X 544000  Y 122500
X 554000  Y 122500
X 564000  Y 122500
X 564000  Y 317500
X 554000  Y 317500
X 544000  Y 317500
X 534000  Y 317500
X 524000  Y 317500
X 514000  Y 317500
X 259214  Y 312866
X 249214  Y 312866
X 239214  Y 312866
X 229214  Y 312866
X 219214  Y 312866
X 209214  Y 312866

Drill: .041  Tool: 3  Feed: 139  Speed: 550
X 357000  Y 218750
X 357000  Y 208750
X 357000  Y 228750
X 387048  Y 208800
X 387048  Y 228800

Drill: .1  Tool: 4  Feed: 69  Speed: 658
X 371870  Y 168750
X 371986  Y 268750

Drill: .15748  Tool: 5  Feed: 35  Speed: 900
X 185500  Y 152500
X 185500  Y 285000
X 489500  Y 285000
X 489500  Y 152500

End of Listing
